vdarkbg = #222
darkbg = #444444
footnote = font-size:24px
footnote5 = font-size:24px;margin-top:-0.5em
footnote2 = font-size:24px;margin-top:-1.5em;margin-bottom:-0.0em
footnote0 = font-size:24px
footnotetop = font-size:24px;margin-top:-1.5em;text-align:center
comment = color:red
textboxfill = background-color:rgba(200,0,150,0.2);padding:5px;margin:20px;border:3px dashed #a3238e;font-size:34px
novsp = margin-bottom:0em;
thulight = #a3238e
versiondict = linelogic:v2
versiondict = alink:v2
templdict = CPTtitle:Presentation powered by CPT0.4
templdict = LIBDIR:../lib
templdict = CSSDIR:../../../Presentations/reveal-cpt0.4/css
templdict = JSDIR:../../../Presentations/reveal-cpt0.4/js
templdict = DISTDIR:../../../Presentations/reveal-cpt0.4/dist
templdict = PLUGINDIR:../../../Presentations/reveal-cpt0.4/plugin
templdict = CPTcenter:false
templdict = CPTscreenwidth:"1600"
templdict = CPTscreenheight:"900"
templdict = CPTtransition:"none"
templdict = CPTslidenumber:true
templdict = CPTtheme:chris.css
templdict = eqsdir:imagesEqn
templdict = html_template:/home/yu/Programs/CPT0.4//templates/template.html
templdict = presentdir:../../../
initdict = controls:true
initdict = progress:true
initdict = center:true
initdict = hash:true
initdict = width:"1600"
initdict = height:"900"
initdict = transition:"slide"
initdict = slideNumber:true
templdict = CPTfndsgn:PPVII
